============================= test session starts =============================
platform win32 -- Python 3.10.6, pytest-9.0.2, pluggy-1.6.0
rootdir: F:\Realms2Riches
configfile: pyproject.toml
testpaths: tests
plugins: anyio-4.12.1, asyncio-1.3.0
asyncio: mode=strict, debug=False, asyncio_default_fixture_loop_scope=function, asyncio_default_test_loop_scope=function
collected 103 items

tests\agent_scenarios\test_self_healing_core.py ..                       [  1%]
tests\agents\test_agent_capabilities.py .....                            [  6%]
tests\comprehensive\test_full_system.py FFFFF                            [ 11%]
tests\comprehensive\test_system_integrity.py FFFF                        [ 15%]
tests\e2e\test_forge_launch_readiness.py F                               [ 16%]
tests\e2e\test_full_flow.py .                                            [ 17%]
tests\e2e\test_launch_readiness.py F                                     [ 18%]
tests\e2e\test_marketing_ready_flow.py .                                 [ 19%]
tests\integration\test_api_endpoints.py EEEEEEE                          [ 26%]
tests\integration\test_catalog_build.py FF                               [ 28%]
tests\integration\test_outreach_integration.py FFFFF                     [ 33%]
tests\integration\test_pricing_pipeline.py ...                           [ 35%]
tests\integration\test_social_cta_integrity.py .F...                     [ 40%]
tests\integration\test_social_monetization.py .....                      [ 45%]
tests\integration\test_social_payload_cta.py ..                          [ 47%]
tests\integration\test_sovereign_live.py F..                             [ 50%]
tests\integration\test_stripe_sync_integration.py ..F                    [ 53%]
tests\integration\test_system_polish.py ..........                       [ 63%]
tests\integration\test_voice_flow.py F                                   [ 64%]
tests\matrix\test_agent.py ..F                                           [ 66%]
tests\matrix\test_browser_agent.py ..                                    [ 68%]
tests\matrix\test_config.py ...                                          [ 71%]
tests\matrix\test_llm_provider.py ...                                    [ 74%]
tests\matrix\test_multiplication_tools.py ..                             [ 76%]
tests\matrix\test_orchestrator.py ..                                     [ 78%]
tests\matrix\test_sovereign_interlock.py ...                             [ 81%]
tests\test_offer_ladder.py FFFF                                          [ 85%]
tests\unit\test_build_catalog.py FF                                      [ 87%]
tests\unit\test_monetization_engine.py EEEEE                             [ 92%]
tests\unit\test_sop_integration.py .                                     [ 93%]
tests\unit\test_stripe_products.py ..F                                   [ 96%]
tests\unit\test_voice_monetization.py EEEE                               [100%]

=================================== ERRORS ====================================
___________________ ERROR at setup of test_get_products_all ___________________

    @pytest.fixture(scope="module")
    def test_client():
        """Provides a TestClient for the FastAPI app, ensuring settings are configured for testing."""
        original_env_vars = {k: os.environ[k] for k in os.environ if k.startswith("TEST_") or k.startswith("STRIPE_") or k.startswith("ANALYTICS_") or k == "ENV_MODE"} # Save original relevant env vars
    
        # Set test environment variables
        os.environ["ENV_MODE"] = "test"
        os.environ["TEST_MODE"] = "True"
        os.environ["ANALYTICS_ENABLED"] = "False" # Default to false for these tests
        os.environ["STRIPE_TEST_MODE"] = "True"
        os.environ["STRIPE_API_KEY"] = "sk_test_mock_key"
        os.environ["STRIPE_PUBLISHABLE_KEY"] = "pk_test_mock_key"
        os.environ["STRIPE_WEBHOOK_SECRET"] = "whsec_test_mock_secret"
    
        global settings
        settings = orchestrator.src.core.config.settings
        import importlib
        importlib.reload(orchestrator.src.core.config)
        settings = orchestrator.src.core.config.settings
    
>       with TestClient(app) as client:

tests\integration\test_api_endpoints.py:36: 
_ _ _ _ _ _ _ _ _ _ _ _ _ _ _ _ _ _ _ _ _ _ _ _ _ _ _ _ _ _ _ _ _ _ _ _ _ _ _ _
venv\lib\site-packages\starlette\testclient.py:688: in __enter__
    portal.call(self.wait_startup)
venv\lib\site-packages\anyio\from_thread.py:334: in call
    return cast(T_Retval, self.start_task_soon(func, *args).result())
_ _ _ _ _ _ _ _ _ _ _ _ _ _ _ _ _ _ _ _ _ _ _ _ _ _ _ _ _ _ _ _ _ _ _ _ _ _ _ _

self = None, timeout = None

    def result(self, timeout=None):
        """Return the result of the call that the future represents.
    
        Args:
            timeout: The number of seconds to wait for the result if the future
                isn't done. If None, then there is no limit on the wait time.
    
        Returns:
            The result of the call that the future represents.
    
        Raises:
            CancelledError: If the future was cancelled.
            TimeoutError: If the future didn't finish executing before the given
                timeout.
            Exception: If the call raised then that exception will be raised.
        """
        try:
            with self._condition:
                if self._state in [CANCELLED, CANCELLED_AND_NOTIFIED]:
                    raise CancelledError()
                elif self._state == FINISHED:
                    return self.__get_result()
    
                self._condition.wait(timeout)
    
                if self._state in [CANCELLED, CANCELLED_AND_NOTIFIED]:
>                   raise CancelledError()
E                   concurrent.futures._base.CancelledError

C:\Users\robert.demotto\AppData\Local\Programs\Python\Python310\lib\concurrent\futures\_base.py:456: CancelledError
---------------------------- Captured stderr setup ----------------------------
{"timestamp": "2026-03-30T04:33:24.145617", "level": "INFO", "message": "Starting Realms2Riches Industrial Matrix...", "module": "api", "line": 43, "process": 100672}
{"timestamp": "2026-03-30T04:33:24.175873", "level": "INFO", "message": "Initialized Sovereign RAG Store at ./data/vector_store | Count: 942", "module": "vector_store", "line": 16, "process": 100672}
{"timestamp": "2026-03-30T04:33:24.175873", "level": "INFO", "message": "SQLStore operating in TEST_MODE with dedicated SQLite database.", "module": "sql_store", "line": 66, "process": 100672}
{"timestamp": "2026-03-30T04:33:24.179876", "level": "INFO", "message": "SQLStore connected to sqlite:///./test_orchestrator.db", "module": "sql_store", "line": 91, "process": 100672}
{"timestamp": "2026-03-30T04:33:24.201231", "level": "CRITICAL", "message": "CRITICAL: STRIPE_TEST_MODE is True but STRIPE_API_KEY is not a test key.", "module": "api", "line": 54, "process": 100672}
----------------------------- Captured log setup ------------------------------
INFO     orchestrator.src.core.api:api.py:43 Starting Realms2Riches Industrial Matrix...
INFO     orchestrator.src.memory.vector_store:vector_store.py:16 Initialized Sovereign RAG Store at ./data/vector_store | Count: 942
INFO     orchestrator.src.memory.sql_store:sql_store.py:66 SQLStore operating in TEST_MODE with dedicated SQLite database.
INFO     orchestrator.src.memory.sql_store:sql_store.py:91 SQLStore connected to sqlite:///./test_orchestrator.db
CRITICAL orchestrator.src.core.api:api.py:54 CRITICAL: STRIPE_TEST_MODE is True but STRIPE_API_KEY is not a test key.
ERROR    asyncio:base_events.py:1744 unhandled exception during asyncio.run() shutdown
task: <Task finished name='anyio.from_thread.start_blocking_portal.<locals>.run_portal' coro=<start_blocking_portal.<locals>.run_portal() done, defined at F:\Realms2Riches\venv\lib\site-packages\anyio\_backends\_asyncio.py:2318> exception=BaseExceptionGroup('unhandled errors in a TaskGroup', [SystemExit(1)])>
  + Exception Group Traceback (most recent call last):
  |   File "F:\Realms2Riches\venv\lib\site-packages\anyio\_backends\_asyncio.py", line 2325, in wrapper
  |     return await func(*args)
  |   File "F:\Realms2Riches\venv\lib\site-packages\anyio\from_thread.py", line 522, in run_portal
  |     async with BlockingPortal() as portal_:
  |   File "F:\Realms2Riches\venv\lib\site-packages\anyio\from_thread.py", line 210, in __aexit__
  |     return await self._task_group.__aexit__(exc_type, exc_val, exc_tb)
  |   File "F:\Realms2Riches\venv\lib\site-packages\anyio\_backends\_asyncio.py", line 783, in __aexit__
  |     raise BaseExceptionGroup(
  | exceptiongroup.BaseExceptionGroup: unhandled errors in a TaskGroup (1 sub-exception)
  +-+---------------- 1 ----------------
    | Traceback (most recent call last):
    |   File "F:\Realms2Riches\orchestrator\src\core\api.py", line 51, in lifespan
    |     settings.validate_monetization_config()
    |   File "F:\Realms2Riches\orchestrator\src\core\config.py", line 112, in validate_monetization_config
    |     raise ValueError("CRITICAL: STRIPE_TEST_MODE is True but STRIPE_API_KEY is not a test key.")
    | ValueError: CRITICAL: STRIPE_TEST_MODE is True but STRIPE_API_KEY is not a test key.
    | 
    | During handling of the above exception, another exception occurred:
    | 
    | Traceback (most recent call last):
    |   File "F:\Realms2Riches\venv\lib\site-packages\anyio\_backends\_asyncio.py", line 2342, in run
    |     return runner.run(wrapper())
    |   File "F:\Realms2Riches\venv\lib\site-packages\anyio\_backends\_asyncio.py", line 220, in run
    |     return self._loop.run_until_complete(task)
    |   File "C:\Users\robert.demotto\AppData\Local\Programs\Python\Python310\lib\asyncio\base_events.py", line 633, in run_until_complete
    |     self.run_forever()
    |   File "C:\Users\robert.demotto\AppData\Local\Programs\Python\Python310\lib\asyncio\windows_events.py", line 321, in run_forever
    |     super().run_forever()
    |   File "C:\Users\robert.demotto\AppData\Local\Programs\Python\Python310\lib\asyncio\base_events.py", line 600, in run_forever
    |     self._run_once()
    |   File "C:\Users\robert.demotto\AppData\Local\Programs\Python\Python310\lib\asyncio\base_events.py", line 1896, in _run_once
    |     handle._run()
    |   File "C:\Users\robert.demotto\AppData\Local\Programs\Python\Python310\lib\asyncio\events.py", line 80, in _run
    |     self._context.run(self._callback, *self._args)
    |   File "F:\Realms2Riches\venv\lib\site-packages\anyio\from_thread.py", line 259, in _call_func
    |     retval = await retval_or_awaitable
    |   File "F:\Realms2Riches\venv\lib\site-packages\starlette\testclient.py", line 704, in lifespan
    |     await self.app(scope, self.stream_receive.receive, self.stream_send.send)
    |   File "F:\Realms2Riches\venv\lib\site-packages\fastapi\applications.py", line 1134, in __call__
    |     await super().__call__(scope, receive, send)
    |   File "F:\Realms2Riches\venv\lib\site-packages\starlette\applications.py", line 107, in __call__
    |     await self.middleware_stack(scope, receive, send)
    |   File "F:\Realms2Riches\venv\lib\site-packages\starlette\middleware\errors.py", line 151, in __call__
    |     await self.app(scope, receive, send)
    |   File "F:\Realms2Riches\venv\lib\site-packages\starlette\middleware\cors.py", line 79, in __call__
    |     await self.app(scope, receive, send)
    |   File "F:\Realms2Riches\venv\lib\site-packages\starlette\middleware\base.py", line 103, in __call__
    |     await self.app(scope, receive, send)
    |   File "F:\Realms2Riches\venv\lib\site-packages\starlette\middleware\exceptions.py", line 49, in __call__
    |     await self.app(scope, receive, send)
    |   File "F:\Realms2Riches\venv\lib\site-packages\fastapi\middleware\asyncexitstack.py", line 18, in __call__
    |     await self.app(scope, receive, send)
    |   File "F:\Realms2Riches\venv\lib\site-packages\starlette\routing.py", line 716, in __call__
    |     await self.middleware_stack(scope, receive, send)
    |   File "F:\Realms2Riches\venv\lib\site-packages\starlette\routing.py", line 725, in app
    |     await self.lifespan(scope, receive, send)
    |   File "F:\Realms2Riches\venv\lib\site-packages\starlette\routing.py", line 694, in lifespan
    |     async with self.lifespan_context(app) as maybe_state:
    |   File "C:\Users\robert.demotto\AppData\Local\Programs\Python\Python310\lib\contextlib.py", line 199, in __aenter__
    |     return await anext(self.gen)
    |   File "F:\Realms2Riches\orchestrator\src\core\api.py", line 56, in lifespan
    |     sys.exit(1) # Fail fast in production
    | SystemExit: 1
    +------------------------------------
________________ ERROR at setup of test_get_products_by_stage _________________

    @pytest.fixture(scope="module")
    def test_client():
        """Provides a TestClient for the FastAPI app, ensuring settings are configured for testing."""
        original_env_vars = {k: os.environ[k] for k in os.environ if k.startswith("TEST_") or k.startswith("STRIPE_") or k.startswith("ANALYTICS_") or k == "ENV_MODE"} # Save original relevant env vars
    
        # Set test environment variables
        os.environ["ENV_MODE"] = "test"
        os.environ["TEST_MODE"] = "True"
        os.environ["ANALYTICS_ENABLED"] = "False" # Default to false for these tests
        os.environ["STRIPE_TEST_MODE"] = "True"
        os.environ["STRIPE_API_KEY"] = "sk_test_mock_key"
        os.environ["STRIPE_PUBLISHABLE_KEY"] = "pk_test_mock_key"
        os.environ["STRIPE_WEBHOOK_SECRET"] = "whsec_test_mock_secret"
    
        global settings
        settings = orchestrator.src.core.config.settings
        import importlib
        importlib.reload(orchestrator.src.core.config)
        settings = orchestrator.src.core.config.settings
    
>       with TestClient(app) as client:

tests\integration\test_api_endpoints.py:36: 
_ _ _ _ _ _ _ _ _ _ _ _ _ _ _ _ _ _ _ _ _ _ _ _ _ _ _ _ _ _ _ _ _ _ _ _ _ _ _ _
venv\lib\site-packages\starlette\testclient.py:688: in __enter__
    portal.call(self.wait_startup)
venv\lib\site-packages\anyio\from_thread.py:334: in call
    return cast(T_Retval, self.start_task_soon(func, *args).result())
_ _ _ _ _ _ _ _ _ _ _ _ _ _ _ _ _ _ _ _ _ _ _ _ _ _ _ _ _ _ _ _ _ _ _ _ _ _ _ _

self = None, timeout = None

    def result(self, timeout=None):
        """Return the result of the call that the future represents.
    
        Args:
            timeout: The number of seconds to wait for the result if the future
                isn't done. If None, then there is no limit on the wait time.
    
        Returns:
            The result of the call that the future represents.
    
        Raises:
            CancelledError: If the future was cancelled.
            TimeoutError: If the future didn't finish executing before the given
                timeout.
            Exception: If the call raised then that exception will be raised.
        """
        try:
            with self._condition:
                if self._state in [CANCELLED, CANCELLED_AND_NOTIFIED]:
                    raise CancelledError()
                elif self._state == FINISHED:
                    return self.__get_result()
    
                self._condition.wait(timeout)
    
                if self._state in [CANCELLED, CANCELLED_AND_NOTIFIED]:
>                   raise CancelledError()
E                   concurrent.futures._base.CancelledError

C:\Users\robert.demotto\AppData\Local\Programs\Python\Python310\lib\concurrent\futures\_base.py:456: CancelledError
_______________ ERROR at setup of test_get_products_entry_only ________________

    @pytest.fixture(scope="module")
    def test_client():
        """Provides a TestClient for the FastAPI app, ensuring settings are configured for testing."""
        original_env_vars = {k: os.environ[k] for k in os.environ if k.startswith("TEST_") or k.startswith("STRIPE_") or k.startswith("ANALYTICS_") or k == "ENV_MODE"} # Save original relevant env vars
    
        # Set test environment variables
        os.environ["ENV_MODE"] = "test"
        os.environ["TEST_MODE"] = "True"
        os.environ["ANALYTICS_ENABLED"] = "False" # Default to false for these tests
        os.environ["STRIPE_TEST_MODE"] = "True"
        os.environ["STRIPE_API_KEY"] = "sk_test_mock_key"
        os.environ["STRIPE_PUBLISHABLE_KEY"] = "pk_test_mock_key"
        os.environ["STRIPE_WEBHOOK_SECRET"] = "whsec_test_mock_secret"
    
        global settings
        settings = orchestrator.src.core.config.settings
        import importlib
        importlib.reload(orchestrator.src.core.config)
        settings = orchestrator.src.core.config.settings
    
>       with TestClient(app) as client:

tests\integration\test_api_endpoints.py:36: 
_ _ _ _ _ _ _ _ _ _ _ _ _ _ _ _ _ _ _ _ _ _ _ _ _ _ _ _ _ _ _ _ _ _ _ _ _ _ _ _
venv\lib\site-packages\starlette\testclient.py:688: in __enter__
    portal.call(self.wait_startup)
venv\lib\site-packages\anyio\from_thread.py:334: in call
    return cast(T_Retval, self.start_task_soon(func, *args).result())
_ _ _ _ _ _ _ _ _ _ _ _ _ _ _ _ _ _ _ _ _ _ _ _ _ _ _ _ _ _ _ _ _ _ _ _ _ _ _ _

self = None, timeout = None

    def result(self, timeout=None):
        """Return the result of the call that the future represents.
    
        Args:
            timeout: The number of seconds to wait for the result if the future
                isn't done. If None, then there is no limit on the wait time.
    
        Returns:
            The result of the call that the future represents.
    
        Raises:
            CancelledError: If the future was cancelled.
            TimeoutError: If the future didn't finish executing before the given
                timeout.
            Exception: If the call raised then that exception will be raised.
        """
        try:
            with self._condition:
                if self._state in [CANCELLED, CANCELLED_AND_NOTIFIED]:
                    raise CancelledError()
                elif self._state == FINISHED:
                    return self.__get_result()
    
                self._condition.wait(timeout)
    
                if self._state in [CANCELLED, CANCELLED_AND_NOTIFIED]:
>                   raise CancelledError()
E                   concurrent.futures._base.CancelledError

C:\Users\robert.demotto\AppData\Local\Programs\Python\Python310\lib\concurrent\futures\_base.py:456: CancelledError
_____________ ERROR at setup of test_get_products_recommendations _____________

    @pytest.fixture(scope="module")
    def test_client():
        """Provides a TestClient for the FastAPI app, ensuring settings are configured for testing."""
        original_env_vars = {k: os.environ[k] for k in os.environ if k.startswith("TEST_") or k.startswith("STRIPE_") or k.startswith("ANALYTICS_") or k == "ENV_MODE"} # Save original relevant env vars
    
        # Set test environment variables
        os.environ["ENV_MODE"] = "test"
        os.environ["TEST_MODE"] = "True"
        os.environ["ANALYTICS_ENABLED"] = "False" # Default to false for these tests
        os.environ["STRIPE_TEST_MODE"] = "True"
        os.environ["STRIPE_API_KEY"] = "sk_test_mock_key"
        os.environ["STRIPE_PUBLISHABLE_KEY"] = "pk_test_mock_key"
        os.environ["STRIPE_WEBHOOK_SECRET"] = "whsec_test_mock_secret"
    
        global settings
        settings = orchestrator.src.core.config.settings
        import importlib
        importlib.reload(orchestrator.src.core.config)
        settings = orchestrator.src.core.config.settings
    
>       with TestClient(app) as client:

tests\integration\test_api_endpoints.py:36: 
_ _ _ _ _ _ _ _ _ _ _ _ _ _ _ _ _ _ _ _ _ _ _ _ _ _ _ _ _ _ _ _ _ _ _ _ _ _ _ _
venv\lib\site-packages\starlette\testclient.py:688: in __enter__
    portal.call(self.wait_startup)
venv\lib\site-packages\anyio\from_thread.py:334: in call
    return cast(T_Retval, self.start_task_soon(func, *args).result())
_ _ _ _ _ _ _ _ _ _ _ _ _ _ _ _ _ _ _ _ _ _ _ _ _ _ _ _ _ _ _ _ _ _ _ _ _ _ _ _

self = None, timeout = None

    def result(self, timeout=None):
        """Return the result of the call that the future represents.
    
        Args:
            timeout: The number of seconds to wait for the result if the future
                isn't done. If None, then there is no limit on the wait time.
    
        Returns:
            The result of the call that the future represents.
    
        Raises:
            CancelledError: If the future was cancelled.
            TimeoutError: If the future didn't finish executing before the given
                timeout.
            Exception: If the call raised then that exception will be raised.
        """
        try:
            with self._condition:
                if self._state in [CANCELLED, CANCELLED_AND_NOTIFIED]:
                    raise CancelledError()
                elif self._state == FINISHED:
                    return self.__get_result()
    
                self._condition.wait(timeout)
    
                if self._state in [CANCELLED, CANCELLED_AND_NOTIFIED]:
>                   raise CancelledError()
E                   concurrent.futures._base.CancelledError

C:\Users\robert.demotto\AppData\Local\Programs\Python\Python310\lib\concurrent\futures\_base.py:456: CancelledError
___________ ERROR at setup of test_record_analytics_event_disabled ____________

    @pytest.fixture(scope="module")
    def test_client():
        """Provides a TestClient for the FastAPI app, ensuring settings are configured for testing."""
        original_env_vars = {k: os.environ[k] for k in os.environ if k.startswith("TEST_") or k.startswith("STRIPE_") or k.startswith("ANALYTICS_") or k == "ENV_MODE"} # Save original relevant env vars
    
        # Set test environment variables
        os.environ["ENV_MODE"] = "test"
        os.environ["TEST_MODE"] = "True"
        os.environ["ANALYTICS_ENABLED"] = "False" # Default to false for these tests
        os.environ["STRIPE_TEST_MODE"] = "True"
        os.environ["STRIPE_API_KEY"] = "sk_test_mock_key"
        os.environ["STRIPE_PUBLISHABLE_KEY"] = "pk_test_mock_key"
        os.environ["STRIPE_WEBHOOK_SECRET"] = "whsec_test_mock_secret"
    
        global settings
        settings = orchestrator.src.core.config.settings
        import importlib
        importlib.reload(orchestrator.src.core.config)
        settings = orchestrator.src.core.config.settings
    
>       with TestClient(app) as client:

tests\integration\test_api_endpoints.py:36: 
_ _ _ _ _ _ _ _ _ _ _ _ _ _ _ _ _ _ _ _ _ _ _ _ _ _ _ _ _ _ _ _ _ _ _ _ _ _ _ _
venv\lib\site-packages\starlette\testclient.py:688: in __enter__
    portal.call(self.wait_startup)
venv\lib\site-packages\anyio\from_thread.py:334: in call
    return cast(T_Retval, self.start_task_soon(func, *args).result())
_ _ _ _ _ _ _ _ _ _ _ _ _ _ _ _ _ _ _ _ _ _ _ _ _ _ _ _ _ _ _ _ _ _ _ _ _ _ _ _

self = None, timeout = None

    def result(self, timeout=None):
        """Return the result of the call that the future represents.
    
        Args:
            timeout: The number of seconds to wait for the result if the future
                isn't done. If None, then there is no limit on the wait time.
    
        Returns:
            The result of the call that the future represents.
    
        Raises:
            CancelledError: If the future was cancelled.
            TimeoutError: If the future didn't finish executing before the given
                timeout.
            Exception: If the call raised then that exception will be raised.
        """
        try:
            with self._condition:
                if self._state in [CANCELLED, CANCELLED_AND_NOTIFIED]:
                    raise CancelledError()
                elif self._state == FINISHED:
                    return self.__get_result()
    
                self._condition.wait(timeout)
    
                if self._state in [CANCELLED, CANCELLED_AND_NOTIFIED]:
>                   raise CancelledError()
E                   concurrent.futures._base.CancelledError

C:\Users\robert.demotto\AppData\Local\Programs\Python\Python310\lib\concurrent\futures\_base.py:456: CancelledError
____________ ERROR at setup of test_record_analytics_event_enabled ____________

    @pytest.fixture(scope="module")
    def test_client():
        """Provides a TestClient for the FastAPI app, ensuring settings are configured for testing."""
        original_env_vars = {k: os.environ[k] for k in os.environ if k.startswith("TEST_") or k.startswith("STRIPE_") or k.startswith("ANALYTICS_") or k == "ENV_MODE"} # Save original relevant env vars
    
        # Set test environment variables
        os.environ["ENV_MODE"] = "test"
        os.environ["TEST_MODE"] = "True"
        os.environ["ANALYTICS_ENABLED"] = "False" # Default to false for these tests
        os.environ["STRIPE_TEST_MODE"] = "True"
        os.environ["STRIPE_API_KEY"] = "sk_test_mock_key"
        os.environ["STRIPE_PUBLISHABLE_KEY"] = "pk_test_mock_key"
        os.environ["STRIPE_WEBHOOK_SECRET"] = "whsec_test_mock_secret"
    
        global settings
        settings = orchestrator.src.core.config.settings
        import importlib
        importlib.reload(orchestrator.src.core.config)
        settings = orchestrator.src.core.config.settings
    
>       with TestClient(app) as client:

tests\integration\test_api_endpoints.py:36: 
_ _ _ _ _ _ _ _ _ _ _ _ _ _ _ _ _ _ _ _ _ _ _ _ _ _ _ _ _ _ _ _ _ _ _ _ _ _ _ _
venv\lib\site-packages\starlette\testclient.py:688: in __enter__
    portal.call(self.wait_startup)
venv\lib\site-packages\anyio\from_thread.py:334: in call
    return cast(T_Retval, self.start_task_soon(func, *args).result())
_ _ _ _ _ _ _ _ _ _ _ _ _ _ _ _ _ _ _ _ _ _ _ _ _ _ _ _ _ _ _ _ _ _ _ _ _ _ _ _

self = None, timeout = None

    def result(self, timeout=None):
        """Return the result of the call that the future represents.
    
        Args:
            timeout: The number of seconds to wait for the result if the future
                isn't done. If None, then there is no limit on the wait time.
    
        Returns:
            The result of the call that the future represents.
    
        Raises:
            CancelledError: If the future was cancelled.
            TimeoutError: If the future didn't finish executing before the given
                timeout.
            Exception: If the call raised then that exception will be raised.
        """
        try:
            with self._condition:
                if self._state in [CANCELLED, CANCELLED_AND_NOTIFIED]:
                    raise CancelledError()
                elif self._state == FINISHED:
                    return self.__get_result()
    
                self._condition.wait(timeout)
    
                if self._state in [CANCELLED, CANCELLED_AND_NOTIFIED]:
>                   raise CancelledError()
E                   concurrent.futures._base.CancelledError

C:\Users\robert.demotto\AppData\Local\Programs\Python\Python310\lib\concurrent\futures\_base.py:456: CancelledError
____________ ERROR at setup of test_stripe_webhook_analytics_event ____________

    @pytest.fixture(scope="module")
    def test_client():
        """Provides a TestClient for the FastAPI app, ensuring settings are configured for testing."""
        original_env_vars = {k: os.environ[k] for k in os.environ if k.startswith("TEST_") or k.startswith("STRIPE_") or k.startswith("ANALYTICS_") or k == "ENV_MODE"} # Save original relevant env vars
    
        # Set test environment variables
        os.environ["ENV_MODE"] = "test"
        os.environ["TEST_MODE"] = "True"
        os.environ["ANALYTICS_ENABLED"] = "False" # Default to false for these tests
        os.environ["STRIPE_TEST_MODE"] = "True"
        os.environ["STRIPE_API_KEY"] = "sk_test_mock_key"
        os.environ["STRIPE_PUBLISHABLE_KEY"] = "pk_test_mock_key"
        os.environ["STRIPE_WEBHOOK_SECRET"] = "whsec_test_mock_secret"
    
        global settings
        settings = orchestrator.src.core.config.settings
        import importlib
        importlib.reload(orchestrator.src.core.config)
        settings = orchestrator.src.core.config.settings
    
>       with TestClient(app) as client:

tests\integration\test_api_endpoints.py:36: 
_ _ _ _ _ _ _ _ _ _ _ _ _ _ _ _ _ _ _ _ _ _ _ _ _ _ _ _ _ _ _ _ _ _ _ _ _ _ _ _
venv\lib\site-packages\starlette\testclient.py:688: in __enter__
    portal.call(self.wait_startup)
venv\lib\site-packages\anyio\from_thread.py:334: in call
    return cast(T_Retval, self.start_task_soon(func, *args).result())
_ _ _ _ _ _ _ _ _ _ _ _ _ _ _ _ _ _ _ _ _ _ _ _ _ _ _ _ _ _ _ _ _ _ _ _ _ _ _ _

self = None, timeout = None

    def result(self, timeout=None):
        """Return the result of the call that the future represents.
    
        Args:
            timeout: The number of seconds to wait for the result if the future
                isn't done. If None, then there is no limit on the wait time.
    
        Returns:
            The result of the call that the future represents.
    
        Raises:
            CancelledError: If the future was cancelled.
            TimeoutError: If the future didn't finish executing before the given
                timeout.
            Exception: If the call raised then that exception will be raised.
        """
        try:
            with self._condition:
                if self._state in [CANCELLED, CANCELLED_AND_NOTIFIED]:
                    raise CancelledError()
                elif self._state == FINISHED:
                    return self.__get_result()
    
                self._condition.wait(timeout)
    
                if self._state in [CANCELLED, CANCELLED_AND_NOTIFIED]:
>                   raise CancelledError()
E                   concurrent.futures._base.CancelledError

C:\Users\robert.demotto\AppData\Local\Programs\Python\Python310\lib\concurrent\futures\_base.py:456: CancelledError
__________ ERROR at setup of test_monetization_engine_loads_catalog ___________

tmp_path = WindowsPath('F:/Temp/pytest-of-robert.demotto/pytest-8/test_monetization_engine_loads0')

    @pytest.fixture
    def mock_catalog_file(tmp_path):
        """Creates a temporary products.json for testing."""
        test_catalog_data = [
            {
                "id": "prod_a", "name": "Product A", "price": 100, "interval": "once",
                "checkout_url": "http://checkout.com/a", "funnel_stage": "entry", "primary_entry_offer": True,
                "upsell_to": ["prod_b"], "cross_sell_with": []
            },
            {
                "id": "prod_b", "name": "Product B", "price": 200, "interval": "month",
                "checkout_url": "http://checkout.com/b", "funnel_stage": "growth", "primary_entry_offer": False,
                "upsell_to": [], "cross_sell_with": ["prod_c"]
            },
            {
                "id": "prod_c", "name": "Product C", "price": 50, "interval": "once",
                "checkout_url": "http://checkout.com/c", "funnel_stage": "entry", "primary_entry_offer": False,
                "upsell_to": [], "cross_sell_with": []
            }
        ]
        catalog_path = tmp_path / "products.json"
        with open(catalog_path, "w") as f:
            json.dump(test_catalog_data, f)
    
        # Temporarily point the engine to this mock catalog file
>       original_path = MonetizationEngine.__init__.__globals__['open']
E       KeyError: 'open'

tests\unit\test_monetization_engine.py:31: KeyError
______ ERROR at setup of test_monetization_engine_get_products_by_stage _______

tmp_path = WindowsPath('F:/Temp/pytest-of-robert.demotto/pytest-8/test_monetization_engine_get_p0')

    @pytest.fixture
    def mock_catalog_file(tmp_path):
        """Creates a temporary products.json for testing."""
        test_catalog_data = [
            {
                "id": "prod_a", "name": "Product A", "price": 100, "interval": "once",
                "checkout_url": "http://checkout.com/a", "funnel_stage": "entry", "primary_entry_offer": True,
                "upsell_to": ["prod_b"], "cross_sell_with": []
            },
            {
                "id": "prod_b", "name": "Product B", "price": 200, "interval": "month",
                "checkout_url": "http://checkout.com/b", "funnel_stage": "growth", "primary_entry_offer": False,
                "upsell_to": [], "cross_sell_with": ["prod_c"]
            },
            {
                "id": "prod_c", "name": "Product C", "price": 50, "interval": "once",
                "checkout_url": "http://checkout.com/c", "funnel_stage": "entry", "primary_entry_offer": False,
                "upsell_to": [], "cross_sell_with": []
            }
        ]
        catalog_path = tmp_path / "products.json"
        with open(catalog_path, "w") as f:
            json.dump(test_catalog_data, f)
    
        # Temporarily point the engine to this mock catalog file
>       original_path = MonetizationEngine.__init__.__globals__['open']
E       KeyError: 'open'

tests\unit\test_monetization_engine.py:31: KeyError
_________ ERROR at setup of test_monetization_engine_get_entry_offers _________

tmp_path = WindowsPath('F:/Temp/pytest-of-robert.demotto/pytest-8/test_monetization_engine_get_e0')

    @pytest.fixture
    def mock_catalog_file(tmp_path):
        """Creates a temporary products.json for testing."""
        test_catalog_data = [
            {
                "id": "prod_a", "name": "Product A", "price": 100, "interval": "once",
                "checkout_url": "http://checkout.com/a", "funnel_stage": "entry", "primary_entry_offer": True,
                "upsell_to": ["prod_b"], "cross_sell_with": []
            },
            {
                "id": "prod_b", "name": "Product B", "price": 200, "interval": "month",
                "checkout_url": "http://checkout.com/b", "funnel_stage": "growth", "primary_entry_offer": False,
                "upsell_to": [], "cross_sell_with": ["prod_c"]
            },
            {
                "id": "prod_c", "name": "Product C", "price": 50, "interval": "once",
                "checkout_url": "http://checkout.com/c", "funnel_stage": "entry", "primary_entry_offer": False,
                "upsell_to": [], "cross_sell_with": []
            }
        ]
        catalog_path = tmp_path / "products.json"
        with open(catalog_path, "w") as f:
            json.dump(test_catalog_data, f)
    
        # Temporarily point the engine to this mock catalog file
>       original_path = MonetizationEngine.__init__.__globals__['open']
E       KeyError: 'open'

tests\unit\test_monetization_engine.py:31: KeyError
_______ ERROR at setup of test_monetization_engine_get_recommendations ________

tmp_path = WindowsPath('F:/Temp/pytest-of-robert.demotto/pytest-8/test_monetization_engine_get_r0')

    @pytest.fixture
    def mock_catalog_file(tmp_path):
        """Creates a temporary products.json for testing."""
        test_catalog_data = [
            {
                "id": "prod_a", "name": "Product A", "price": 100, "interval": "once",
                "checkout_url": "http://checkout.com/a", "funnel_stage": "entry", "primary_entry_offer": True,
                "upsell_to": ["prod_b"], "cross_sell_with": []
            },
            {
                "id": "prod_b", "name": "Product B", "price": 200, "interval": "month",
                "checkout_url": "http://checkout.com/b", "funnel_stage": "growth", "primary_entry_offer": False,
                "upsell_to": [], "cross_sell_with": ["prod_c"]
            },
            {
                "id": "prod_c", "name": "Product C", "price": 50, "interval": "once",
                "checkout_url": "http://checkout.com/c", "funnel_stage": "entry", "primary_entry_offer": False,
                "upsell_to": [], "cross_sell_with": []
            }
        ]
        catalog_path = tmp_path / "products.json"
        with open(catalog_path, "w") as f:
            json.dump(test_catalog_data, f)
    
        # Temporarily point the engine to this mock catalog file
>       original_path = MonetizationEngine.__init__.__globals__['open']
E       KeyError: 'open'

tests\unit\test_monetization_engine.py:31: KeyError
___________ ERROR at setup of test_monetization_engine_streams_init ___________

tmp_path = WindowsPath('F:/Temp/pytest-of-robert.demotto/pytest-8/test_monetization_engine_strea0')

    @pytest.fixture
    def mock_catalog_file(tmp_path):
        """Creates a temporary products.json for testing."""
        test_catalog_data = [
            {
                "id": "prod_a", "name": "Product A", "price": 100, "interval": "once",
                "checkout_url": "http://checkout.com/a", "funnel_stage": "entry", "primary_entry_offer": True,
                "upsell_to": ["prod_b"], "cross_sell_with": []
            },
            {
                "id": "prod_b", "name": "Product B", "price": 200, "interval": "month",
                "checkout_url": "http://checkout.com/b", "funnel_stage": "growth", "primary_entry_offer": False,
                "upsell_to": [], "cross_sell_with": ["prod_c"]
            },
            {
                "id": "prod_c", "name": "Product C", "price": 50, "interval": "once",
                "checkout_url": "http://checkout.com/c", "funnel_stage": "entry", "primary_entry_offer": False,
                "upsell_to": [], "cross_sell_with": []
            }
        ]
        catalog_path = tmp_path / "products.json"
        with open(catalog_path, "w") as f:
            json.dump(test_catalog_data, f)
    
        # Temporarily point the engine to this mock catalog file
>       original_path = MonetizationEngine.__init__.__globals__['open']
E       KeyError: 'open'

tests\unit\test_monetization_engine.py:31: KeyError
_____________ ERROR at setup of test_voice_session_price_inquiry ______________

    @pytest.fixture
    def mock_voice_session():
        stt_mock = MockSTTAdapter()
        tts_mock = MockTTSAdapter()
        orch_mock = MagicMock(spec=Orchestrator)
        # Mock any orchestrator methods that might be called
    
>       session = VoiceSession("test_session_id", stt_mock, tts_mock, orch_mock)

tests\unit\test_voice_monetization.py:18: 
_ _ _ _ _ _ _ _ _ _ _ _ _ _ _ _ _ _ _ _ _ _ _ _ _ _ _ _ _ _ _ _ _ _ _ _ _ _ _ _
orchestrator\src\core\voice\session.py:34: in __init__
    self.loop_task = asyncio.create_task(self._processing_loop())
_ _ _ _ _ _ _ _ _ _ _ _ _ _ _ _ _ _ _ _ _ _ _ _ _ _ _ _ _ _ _ _ _ _ _ _ _ _ _ _

coro = <coroutine object VoiceSession._processing_loop at 0x00000200E4C66500>

    def create_task(coro, *, name=None):
        """Schedule the execution of a coroutine object in a spawn task.
    
        Return a Task object.
        """
>       loop = events.get_running_loop()
E       RuntimeError: no running event loop

C:\Users\robert.demotto\AppData\Local\Programs\Python\Python310\lib\asyncio\tasks.py:336: RuntimeError
____________ ERROR at setup of test_voice_session_cheapest_option _____________

    @pytest.fixture
    def mock_voice_session():
        stt_mock = MockSTTAdapter()
        tts_mock = MockTTSAdapter()
        orch_mock = MagicMock(spec=Orchestrator)
        # Mock any orchestrator methods that might be called
    
>       session = VoiceSession("test_session_id", stt_mock, tts_mock, orch_mock)

tests\unit\test_voice_monetization.py:18: 
_ _ _ _ _ _ _ _ _ _ _ _ _ _ _ _ _ _ _ _ _ _ _ _ _ _ _ _ _ _ _ _ _ _ _ _ _ _ _ _
orchestrator\src\core\voice\session.py:34: in __init__
    self.loop_task = asyncio.create_task(self._processing_loop())
_ _ _ _ _ _ _ _ _ _ _ _ _ _ _ _ _ _ _ _ _ _ _ _ _ _ _ _ _ _ _ _ _ _ _ _ _ _ _ _

coro = <coroutine object VoiceSession._processing_loop at 0x00000200E4C668F0>

    def create_task(coro, *, name=None):
        """Schedule the execution of a coroutine object in a spawn task.
    
        Return a Task object.
        """
>       loop = events.get_running_loop()
E       RuntimeError: no running event loop

C:\Users\robert.demotto\AppData\Local\Programs\Python\Python310\lib\asyncio\tasks.py:336: RuntimeError
___________ ERROR at setup of test_voice_session_send_link_request ____________

    @pytest.fixture
    def mock_voice_session():
        stt_mock = MockSTTAdapter()
        tts_mock = MockTTSAdapter()
        orch_mock = MagicMock(spec=Orchestrator)
        # Mock any orchestrator methods that might be called
    
>       session = VoiceSession("test_session_id", stt_mock, tts_mock, orch_mock)

tests\unit\test_voice_monetization.py:18: 
_ _ _ _ _ _ _ _ _ _ _ _ _ _ _ _ _ _ _ _ _ _ _ _ _ _ _ _ _ _ _ _ _ _ _ _ _ _ _ _
orchestrator\src\core\voice\session.py:34: in __init__
    self.loop_task = asyncio.create_task(self._processing_loop())
_ _ _ _ _ _ _ _ _ _ _ _ _ _ _ _ _ _ _ _ _ _ _ _ _ _ _ _ _ _ _ _ _ _ _ _ _ _ _ _

coro = <coroutine object VoiceSession._processing_loop at 0x00000200E63667A0>

    def create_task(coro, *, name=None):
        """Schedule the execution of a coroutine object in a spawn task.
    
        Return a Task object.
        """
>       loop = events.get_running_loop()
E       RuntimeError: no running event loop

C:\Users\robert.demotto\AppData\Local\Programs\Python\Python310\lib\asyncio\tasks.py:336: RuntimeError
_____________ ERROR at setup of test_voice_session_general_query ______________

    @pytest.fixture
    def mock_voice_session():
        stt_mock = MockSTTAdapter()
        tts_mock = MockTTSAdapter()
        orch_mock = MagicMock(spec=Orchestrator)
        # Mock any orchestrator methods that might be called
    
>       session = VoiceSession("test_session_id", stt_mock, tts_mock, orch_mock)

tests\unit\test_voice_monetization.py:18: 
_ _ _ _ _ _ _ _ _ _ _ _ _ _ _ _ _ _ _ _ _ _ _ _ _ _ _ _ _ _ _ _ _ _ _ _ _ _ _ _
orchestrator\src\core\voice\session.py:34: in __init__
    self.loop_task = asyncio.create_task(self._processing_loop())
_ _ _ _ _ _ _ _ _ _ _ _ _ _ _ _ _ _ _ _ _ _ _ _ _ _ _ _ _ _ _ _ _ _ _ _ _ _ _ _

coro = <coroutine object VoiceSession._processing_loop at 0x00000200E63642E0>

    def create_task(coro, *, name=None):
        """Schedule the execution of a coroutine object in a spawn task.
    
        Return a Task object.
        """
>       loop = events.get_running_loop()
E       RuntimeError: no running event loop

C:\Users\robert.demotto\AppData\Local\Programs\Python\Python310\lib\asyncio\tasks.py:336: RuntimeError
================================== FAILURES ===================================
___________________ TestSovereignSystem.test_01_api_health ____________________

self = <test_full_system.TestSovereignSystem testMethod=test_01_api_health>

    def test_01_api_health(self):
        """Verify the API is online and reporting active agents."""
        print("\n[TEST] Checking Health...")
        try:
            res = requests.get(f"{self.BASE_URL}/health", timeout=5)
>           self.assertEqual(res.status_code, 200)
E           AssertionError: 502 != 200

tests\comprehensive\test_full_system.py:21: AssertionError

During handling of the above exception, another exception occurred:

self = <test_full_system.TestSovereignSystem testMethod=test_01_api_health>

    def test_01_api_health(self):
        """Verify the API is online and reporting active agents."""
        print("\n[TEST] Checking Health...")
        try:
            res = requests.get(f"{self.BASE_URL}/health", timeout=5)
            self.assertEqual(res.status_code, 200)
            data = res.json()
            self.assertEqual(data["status"], "ok")
            self.assertGreater(data["agents"], 0)
            self.assertIn("rag", data, "RAG vector count missing from health response.")
            print(f"\u2705 Health OK: {data['agents']} Agents | RAG: {data.get('rag')} Vectors.")
        except Exception as e:
>           self.fail(f"API Health Check Failed: {e}")
E           AssertionError: API Health Check Failed: 502 != 200

tests\comprehensive\test_full_system.py:28: AssertionError
---------------------------- Captured stdout call -----------------------------

[TEST] Checking Health...
_________________ TestSovereignSystem.test_02_product_catalog _________________

self = <test_full_system.TestSovereignSystem testMethod=test_02_product_catalog>

    def test_02_product_catalog(self):
        """Verify products are loaded and contain prices."""
        print("[TEST] Checking Product Catalog...")
        res = requests.get(f"{self.BASE_URL}/products", timeout=5)
>       self.assertEqual(res.status_code, 200)
E       AssertionError: 502 != 200

tests\comprehensive\test_full_system.py:34: AssertionError
---------------------------- Captured stdout call -----------------------------
[TEST] Checking Product Catalog...
_________ TestSovereignSystem.test_03_lead_capture_and_asset_delivery _________

self = <test_full_system.TestSovereignSystem testMethod=test_03_lead_capture_and_asset_delivery>

    def test_03_lead_capture_and_asset_delivery(self):
        """Verify lead capture returns the correct asset URL."""
        print("[TEST] Checking Lead Capture...")
        payload = {"email": "test_automator@sovereign.ai", "source": "integration_test"}
        try:
            res = requests.post(f"{self.BASE_URL}/api/leads", json=payload, timeout=5)
            if res.status_code != 200:
                print(f"\u274c Lead Capture FAILED with status {res.status_code}: {res.text}")
>           self.assertEqual(res.status_code, 200)
E           AssertionError: 502 != 200

tests\comprehensive\test_full_system.py:54: AssertionError

During handling of the above exception, another exception occurred:

self = <test_full_system.TestSovereignSystem testMethod=test_03_lead_capture_and_asset_delivery>

    def test_03_lead_capture_and_asset_delivery(self):
        """Verify lead capture returns the correct asset URL."""
        print("[TEST] Checking Lead Capture...")
        payload = {"email": "test_automator@sovereign.ai", "source": "integration_test"}
        try:
            res = requests.post(f"{self.BASE_URL}/api/leads", json=payload, timeout=5)
            if res.status_code != 200:
                print(f"\u274c Lead Capture FAILED with status {res.status_code}: {res.text}")
            self.assertEqual(res.status_code, 200)
            data = res.json()
    
            self.assertIn("guide_url", data)
            self.assertIn("assets/sovereign_strategy_guide_v3.txt", data["guide_url"])
            print(f"\u2705 Lead Capture OK: Asset URL -> {data['guide_url']}")
        except Exception as e:
>           self.fail(f"Lead Capture Exception: {e}")
E           AssertionError: Lead Capture Exception: 502 != 200

tests\comprehensive\test_full_system.py:61: AssertionError
---------------------------- Captured stdout call -----------------------------
[TEST] Checking Lead Capture...\n\u274c Lead Capture FAILED with status 502: <!DOCTYPE html>\n<html lang="en">\n<head>\n  <meta charset="utf-8">\n  <meta http-equiv="x-ua-compatible" content="ie=edge">\n  <meta name="viewport" content="width=device-width, initial-scale=1, shrink-to-fit=no">\n  <title>502 Bad Gateway</title>\n  <link rel="stylesheet" href="/error_docs/styles.css">\n</head>\n<body>\n<div class="page">\n  <div class="main">\n    <h1>Server Error</h1>\n    <div class="error-code">502</div>\n    <h2>Bad Gateway</h2>\n    <p class="lead">Web server received an invalid response while acting as a gateway or proxy server.</p>\n    <hr/>\n    <p>That's what you can do</p>\n    <div class="help-actions">\n      <a href="javascript:location.reload();">Reload Page</a>\n      <a href="javascript:history.back();">Back to Previous Page</a>\n      <a href="/">Home Page</a>\n    </div>\n  </div>\n</div>\n</body>\n</html>
____________ TestSovereignSystem.test_04_social_dispatch_and_audit ____________

self = <test_full_system.TestSovereignSystem testMethod=test_04_social_dispatch_and_audit>

    def test_04_social_dispatch_and_audit(self):
        """Trigger dispatch and then AUDIT the last post content."""
        print("[TEST] Triggering Dispatch & Auditing Last Post...")
    
        # 1. Trigger
        res = requests.post(f"{self.BASE_URL}/api/admin/test-dispatch", timeout=30)
>       self.assertEqual(res.status_code, 200)
E       AssertionError: 502 != 200

tests\comprehensive\test_full_system.py:69: AssertionError
---------------------------- Captured stdout call -----------------------------
[TEST] Triggering Dispatch & Auditing Last Post...
_______________ TestSovereignSystem.test_05_opt_out_compliance ________________

self = <test_full_system.TestSovereignSystem testMethod=test_05_opt_out_compliance>

    def test_05_opt_out_compliance(self):
        """Verify the opt-out endpoint works."""
        print("[TEST] Checking Opt-Out Endpoint...")
        res = requests.get(f"{self.BASE_URL}/api/user/opt-out?email=leave@me.alone")
>       self.assertEqual(res.status_code, 200)
E       AssertionError: 502 != 200

tests\comprehensive\test_full_system.py:86: AssertionError
---------------------------- Captured stdout call -----------------------------
[TEST] Checking Opt-Out Endpoint...
____________ SovereignIntegrityAudit.test_01_health_and_rag_count _____________

self = <test_system_integrity.SovereignIntegrityAudit testMethod=test_01_health_and_rag_count>

    def test_01_health_and_rag_count(self):
        """Verify API Health and non-zero RAG vector count."""
        print("\n[AUDIT] Checking Neural Heartbeat & RAG State...")
        try:
            res = requests.get(f"{self.BASE_URL}/health", timeout=5)
>           self.assertEqual(res.status_code, 200)
E           AssertionError: 502 != 200

tests\comprehensive\test_system_integrity.py:18: AssertionError

During handling of the above exception, another exception occurred:

self = <test_system_integrity.SovereignIntegrityAudit testMethod=test_01_health_and_rag_count>

    def test_01_health_and_rag_count(self):
        """Verify API Health and non-zero RAG vector count."""
        print("\n[AUDIT] Checking Neural Heartbeat & RAG State...")
        try:
            res = requests.get(f"{self.BASE_URL}/health", timeout=5)
            self.assertEqual(res.status_code, 200)
            data = res.json()
            self.assertEqual(data["status"], "ok")
            self.assertIn("rag", data)
            self.assertGreater(data["rag"], 0, "RAG vectors are reporting 0. Potential indexing failure.")
            print(f"\u2705 RAG VERIFIED: {data['rag']} vectors online.")
        except Exception as e:
>           self.fail(f"Health Audit Failed: {e}")
E           AssertionError: Health Audit Failed: 502 != 200

tests\comprehensive\test_system_integrity.py:25: AssertionError
---------------------------- Captured stdout call -----------------------------

[AUDIT] Checking Neural Heartbeat & RAG State...
____________ SovereignIntegrityAudit.test_02_product_serialization ____________

self = <test_system_integrity.SovereignIntegrityAudit testMethod=test_02_product_serialization>

    def test_02_product_serialization(self):
        """Verify catalog returns valid, priced products."""
        print("[AUDIT] Verifying Product Catalog Integrity...")
        try:
            res = requests.get(f"{self.BASE_URL}/products", timeout=5)
>           self.assertEqual(res.status_code, 200)
E           AssertionError: 502 != 200

tests\comprehensive\test_system_integrity.py:32: AssertionError

During handling of the above exception, another exception occurred:

self = <test_system_integrity.SovereignIntegrityAudit testMethod=test_02_product_serialization>

    def test_02_product_serialization(self):
        """Verify catalog returns valid, priced products."""
        print("[AUDIT] Verifying Product Catalog Integrity...")
        try:
            res = requests.get(f"{self.BASE_URL}/products", timeout=5)
            self.assertEqual(res.status_code, 200)
            products = res.json()
            self.assertGreater(len(products), 0)
            for p in products:
                self.assertIn("name", p)
                price = p.get("price") or (p.get("prices") and p["prices"][0].get("price"))
                self.assertIsNotNone(price, f"Product {p.get('name')} has no price.")
            print(f"\u2705 CATALOG VERIFIED: {len(products)} products ready for sale.")
        except Exception as e:
>           self.fail(f"Catalog Audit Failed: {e}")
E           AssertionError: Catalog Audit Failed: 502 != 200

tests\comprehensive\test_system_integrity.py:41: AssertionError
---------------------------- Captured stdout call -----------------------------
[AUDIT] Verifying Product Catalog Integrity...
______________ SovereignIntegrityAudit.test_03_lead_capture_flow ______________

self = <test_system_integrity.SovereignIntegrityAudit testMethod=test_03_lead_capture_flow>

    def test_03_lead_capture_flow(self):
        """Test lead capture funnel and guide delivery."""
        print("[AUDIT] Verifying Acquisition Funnel...")
        payload = {"email": "audit_v4@sovereign.ai", "source": "wizard_audit"}
        try:
            res = requests.post(f"{self.BASE_URL}/api/leads", json=payload, timeout=5)
>           self.assertEqual(res.status_code, 200)
E           AssertionError: 502 != 200

tests\comprehensive\test_system_integrity.py:49: AssertionError

During handling of the above exception, another exception occurred:

self = <test_system_integrity.SovereignIntegrityAudit testMethod=test_03_lead_capture_flow>

    def test_03_lead_capture_flow(self):
        """Test lead capture funnel and guide delivery."""
        print("[AUDIT] Verifying Acquisition Funnel...")
        payload = {"email": "audit_v4@sovereign.ai", "source": "wizard_audit"}
        try:
            res = requests.post(f"{self.BASE_URL}/api/leads", json=payload, timeout=5)
            self.assertEqual(res.status_code, 200)
            data = res.json()
            self.assertIn("guide_url", data)
            self.assertTrue(data["guide_url"].endswith(".txt"))
            print(f"\u2705 FUNNEL VERIFIED: Guide accessible at {data['guide_url']}")
        except Exception as e:
>           self.fail(f"Lead Capture Audit Failed: {e}")
E           AssertionError: Lead Capture Audit Failed: 502 != 200

tests\comprehensive\test_system_integrity.py:55: AssertionError
---------------------------- Captured stdout call -----------------------------
[AUDIT] Verifying Acquisition Funnel...
________ SovereignIntegrityAudit.test_04_live_dispatch_and_meta_audit _________

self = <test_system_integrity.SovereignIntegrityAudit testMethod=test_04_live_dispatch_and_meta_audit>

    def test_04_live_dispatch_and_meta_audit(self):
        """TRIGGER LIVE DISPATCH AND AUDIT META CONTENT."""
        print("[AUDIT] Triggering Live social Dispatch...")
        try:
            dispatch = requests.post(f"{self.BASE_URL}/api/admin/test-dispatch", timeout=35)
>           self.assertEqual(dispatch.status_code, 200)
E           AssertionError: 502 != 200

tests\comprehensive\test_system_integrity.py:62: AssertionError

During handling of the above exception, another exception occurred:

self = <test_system_integrity.SovereignIntegrityAudit testMethod=test_04_live_dispatch_and_meta_audit>

    def test_04_live_dispatch_and_meta_audit(self):
        """TRIGGER LIVE DISPATCH AND AUDIT META CONTENT."""
        print("[AUDIT] Triggering Live social Dispatch...")
        try:
            dispatch = requests.post(f"{self.BASE_URL}/api/admin/test-dispatch", timeout=35)
            self.assertEqual(dispatch.status_code, 200)
    
            print("[AUDIT] Fetching last post from Meta for Verification...")
            time.sleep(5) # Propagation wait
            audit = requests.get(f"{self.BASE_URL}/api/admin/audit-last-post", timeout=10)
            self.assertEqual(audit.status_code, 200)
            fb_data = audit.json().get("facebook", {})
    
            self.assertEqual(fb_data.get("status"), "verified", f"FB Post Incomplete: {fb_data.get('reason')}")
            self.assertTrue(fb_data.get("has_monetization"), "Last post lacks Stripe link.")
            self.assertTrue(fb_data.get("has_image"), "Last post lacks Visual Asset.")
            print("\u2705 DISPATCH VERIFIED: Asset and Monetization link detected live on Meta.")
        except Exception as e:
>           self.fail(f"Social Audit Failed: {e}")
E           AssertionError: Social Audit Failed: 502 != 200

tests\comprehensive\test_system_integrity.py:75: AssertionError
---------------------------- Captured stdout call -----------------------------
[AUDIT] Triggering Live social Dispatch...
_________________________ test_forge_launch_readiness _________________________

    def test_forge_launch_readiness():
        print("\n--- FORGE LAUNCH READINESS META-TEST ---\n")
    
>       with TestClient(app) as client:

tests\e2e\test_forge_launch_readiness.py:18: 
_ _ _ _ _ _ _ _ _ _ _ _ _ _ _ _ _ _ _ _ _ _ _ _ _ _ _ _ _ _ _ _ _ _ _ _ _ _ _ _
venv\lib\site-packages\starlette\testclient.py:688: in __enter__
    portal.call(self.wait_startup)
venv\lib\site-packages\anyio\from_thread.py:334: in call
    return cast(T_Retval, self.start_task_soon(func, *args).result())
_ _ _ _ _ _ _ _ _ _ _ _ _ _ _ _ _ _ _ _ _ _ _ _ _ _ _ _ _ _ _ _ _ _ _ _ _ _ _ _

self = None, timeout = None

    def result(self, timeout=None):
        """Return the result of the call that the future represents.
    
        Args:
            timeout: The number of seconds to wait for the result if the future
                isn't done. If None, then there is no limit on the wait time.
    
        Returns:
            The result of the call that the future represents.
    
        Raises:
            CancelledError: If the future was cancelled.
            TimeoutError: If the future didn't finish executing before the given
                timeout.
            Exception: If the call raised then that exception will be raised.
        """
        try:
            with self._condition:
                if self._state in [CANCELLED, CANCELLED_AND_NOTIFIED]:
                    raise CancelledError()
                elif self._state == FINISHED:
                    return self.__get_result()
    
                self._condition.wait(timeout)
    
                if self._state in [CANCELLED, CANCELLED_AND_NOTIFIED]:
>                   raise CancelledError()
E                   concurrent.futures._base.CancelledError

C:\Users\robert.demotto\AppData\Local\Programs\Python\Python310\lib\concurrent\futures\_base.py:456: CancelledError
---------------------------- Captured stdout call -----------------------------

--- FORGE LAUNCH READINESS META-TEST ---

---------------------------- Captured stderr call -----------------------------
{"timestamp": "2026-03-30T04:33:20.679868", "level": "INFO", "message": "Starting Realms2Riches Industrial Matrix...", "module": "api", "line": 43, "process": 100672}
{"timestamp": "2026-03-30T04:33:20.702261", "level": "INFO", "message": "Initialized Sovereign RAG Store at ./data/vector_store | Count: 942", "module": "vector_store", "line": 16, "process": 100672}
{"timestamp": "2026-03-30T04:33:20.702261", "level": "INFO", "message": "SQLStore operating in TEST_MODE with dedicated SQLite database.", "module": "sql_store", "line": 66, "process": 100672}
{"timestamp": "2026-03-30T04:33:20.705259", "level": "INFO", "message": "SQLStore connected to sqlite:///./test_orchestrator.db", "module": "sql_store", "line": 91, "process": 100672}
{"timestamp": "2026-03-30T04:33:20.717326", "level": "CRITICAL", "message": "CRITICAL: STRIPE_TEST_MODE is True but STRIPE_API_KEY is not a test key.", "module": "api", "line": 54, "process": 100672}
------------------------------ Captured log call ------------------------------
INFO     orchestrator.src.core.api:api.py:43 Starting Realms2Riches Industrial Matrix...
INFO     orchestrator.src.memory.vector_store:vector_store.py:16 Initialized Sovereign RAG Store at ./data/vector_store | Count: 942
INFO     orchestrator.src.memory.sql_store:sql_store.py:66 SQLStore operating in TEST_MODE with dedicated SQLite database.
INFO     orchestrator.src.memory.sql_store:sql_store.py:91 SQLStore connected to sqlite:///./test_orchestrator.db
CRITICAL orchestrator.src.core.api:api.py:54 CRITICAL: STRIPE_TEST_MODE is True but STRIPE_API_KEY is not a test key.
ERROR    asyncio:base_events.py:1744 unhandled exception during asyncio.run() shutdown
task: <Task finished name='anyio.from_thread.start_blocking_portal.<locals>.run_portal' coro=<start_blocking_portal.<locals>.run_portal() done, defined at F:\Realms2Riches\venv\lib\site-packages\anyio\_backends\_asyncio.py:2318> exception=BaseExceptionGroup('unhandled errors in a TaskGroup', [SystemExit(1)])>
  + Exception Group Traceback (most recent call last):
  |   File "F:\Realms2Riches\venv\lib\site-packages\anyio\_backends\_asyncio.py", line 2325, in wrapper
  |     return await func(*args)
  |   File "F:\Realms2Riches\venv\lib\site-packages\anyio\from_thread.py", line 522, in run_portal
  |     async with BlockingPortal() as portal_:
  |   File "F:\Realms2Riches\venv\lib\site-packages\anyio\from_thread.py", line 210, in __aexit__
  |     return await self._task_group.__aexit__(exc_type, exc_val, exc_tb)
  |   File "F:\Realms2Riches\venv\lib\site-packages\anyio\_backends\_asyncio.py", line 783, in __aexit__
  |     raise BaseExceptionGroup(
  | exceptiongroup.BaseExceptionGroup: unhandled errors in a TaskGroup (1 sub-exception)
  +-+---------------- 1 ----------------
    | Traceback (most recent call last):
    |   File "F:\Realms2Riches\orchestrator\src\core\api.py", line 51, in lifespan
    |     settings.validate_monetization_config()
    |   File "F:\Realms2Riches\orchestrator\src\core\config.py", line 112, in validate_monetization_config
    |     raise ValueError("CRITICAL: STRIPE_TEST_MODE is True but STRIPE_API_KEY is not a test key.")
    | ValueError: CRITICAL: STRIPE_TEST_MODE is True but STRIPE_API_KEY is not a test key.
    | 
    | During handling of the above exception, another exception occurred:
    | 
    | Traceback (most recent call last):
    |   File "F:\Realms2Riches\venv\lib\site-packages\anyio\_backends\_asyncio.py", line 2342, in run
    |     return runner.run(wrapper())
    |   File "F:\Realms2Riches\venv\lib\site-packages\anyio\_backends\_asyncio.py", line 220, in run
    |     return self._loop.run_until_complete(task)
    |   File "C:\Users\robert.demotto\AppData\Local\Programs\Python\Python310\lib\asyncio\base_events.py", line 633, in run_until_complete
    |     self.run_forever()
    |   File "C:\Users\robert.demotto\AppData\Local\Programs\Python\Python310\lib\asyncio\windows_events.py", line 321, in run_forever
    |     super().run_forever()
    |   File "C:\Users\robert.demotto\AppData\Local\Programs\Python\Python310\lib\asyncio\base_events.py", line 600, in run_forever
    |     self._run_once()
    |   File "C:\Users\robert.demotto\AppData\Local\Programs\Python\Python310\lib\asyncio\base_events.py", line 1896, in _run_once
    |     handle._run()
    |   File "C:\Users\robert.demotto\AppData\Local\Programs\Python\Python310\lib\asyncio\events.py", line 80, in _run
    |     self._context.run(self._callback, *self._args)
    |   File "F:\Realms2Riches\venv\lib\site-packages\anyio\from_thread.py", line 259, in _call_func
    |     retval = await retval_or_awaitable
    |   File "F:\Realms2Riches\venv\lib\site-packages\starlette\testclient.py", line 704, in lifespan
    |     await self.app(scope, self.stream_receive.receive, self.stream_send.send)
    |   File "F:\Realms2Riches\venv\lib\site-packages\fastapi\applications.py", line 1134, in __call__
    |     await super().__call__(scope, receive, send)
    |   File "F:\Realms2Riches\venv\lib\site-packages\starlette\applications.py", line 107, in __call__
    |     await self.middleware_stack(scope, receive, send)
    |   File "F:\Realms2Riches\venv\lib\site-packages\starlette\middleware\errors.py", line 151, in __call__
    |     await self.app(scope, receive, send)
    |   File "F:\Realms2Riches\venv\lib\site-packages\starlette\middleware\cors.py", line 79, in __call__
    |     await self.app(scope, receive, send)
    |   File "F:\Realms2Riches\venv\lib\site-packages\starlette\middleware\base.py", line 103, in __call__
    |     await self.app(scope, receive, send)
    |   File "F:\Realms2Riches\venv\lib\site-packages\starlette\middleware\exceptions.py", line 49, in __call__
    |     await self.app(scope, receive, send)
    |   File "F:\Realms2Riches\venv\lib\site-packages\fastapi\middleware\asyncexitstack.py", line 18, in __call__
    |     await self.app(scope, receive, send)
    |   File "F:\Realms2Riches\venv\lib\site-packages\starlette\routing.py", line 716, in __call__
    |     await self.middleware_stack(scope, receive, send)
    |   File "F:\Realms2Riches\venv\lib\site-packages\starlette\routing.py", line 725, in app
    |     await self.lifespan(scope, receive, send)
    |   File "F:\Realms2Riches\venv\lib\site-packages\starlette\routing.py", line 694, in lifespan
    |     async with self.lifespan_context(app) as maybe_state:
    |   File "C:\Users\robert.demotto\AppData\Local\Programs\Python\Python310\lib\contextlib.py", line 199, in __aenter__
    |     return await anext(self.gen)
    |   File "F:\Realms2Riches\orchestrator\src\core\api.py", line 56, in lifespan
    |     sys.exit(1) # Fail fast in production
    | SystemExit: 1
    +------------------------------------
____________________________ test_launch_readiness ____________________________

    def test_launch_readiness():
        print("\n--- LAUNCH READINESS META-TEST ---\n")
    
        report = {
            "timestamp": datetime.utcnow().isoformat(),
            "status": "pending",
            "checks": {}
        }
    
        # 1. Environment & Config
        print("[1/6] Checking Configuration...")
        missing_vars = []
        required_vars = ["GROQ_API_KEY", "BRAND_NAME"]
        if settings.VOICE_ENABLED:
            required_vars.extend(["STT_PROVIDER", "TTS_PROVIDER"])
    
        for var in required_vars:
            val = getattr(settings, var, None)
            # Check against placeholder strings too
            if not val or "placeholder" in str(val).lower() or "dummy" in str(val).lower():
                if var == "GROQ_API_KEY" and os.environ.get("GROQ_API_KEY") == "dummy":
                    pass # Allow dummy for test runner environment
                else:
                    missing_vars.append(var)
    
        report["checks"]["config"] = {
            "status": "pass" if not missing_vars else "fail",
            "missing": missing_vars
        }
        if missing_vars:
            print(f"\u274c Config Check Failed: Missing {missing_vars}")
        else:
            print("\u2705 Config Check Passed")
    
        # 2. Database Connectivity
        print("[2/6] Checking Database...")
        db_ok = check_db_health()
        report["checks"]["database"] = {"status": "pass" if db_ok else "fail"}
        if db_ok:
            print("\u2705 Database Reachable")
        else:
            print("\u274c Database Check Failed")
    
        # 3. Product Catalog
        print("[3/6] Checking Product Catalog...")
        products = catalog_api.get_products()
        catalog_ok = len(products) > 0
        report["checks"]["catalog"] = {
            "status": "pass" if catalog_ok else "fail",
            "count": len(products)
        }
        if catalog_ok:
            print(f"\u2705 Catalog Seeded ({len(products)} products found)")
        else:
            print("\u274c Catalog Empty - Run seeding script!")
    
        # 4. Marketing Readiness
        print("[4/6] Checking Marketing Assets...")
        marketing_ok = check_marketing_readiness()
        report["checks"]["marketing"] = {"status": "pass" if marketing_ok else "fail"}
        if marketing_ok:
            print("\u2705 Marketing Config Valid")
        else:
            print("\u26a0\ufe0f Marketing Config uses placeholders (OK for dev, blocking for launch)")
    
        # 5. Run Test Suite
        print("[5/6] Running System Tests (Unit/Integration/E2E)...")
        # Run core tests (excluding this one to avoid recursion if matched via glob)
        exit_code = run_pytest(["tests/e2e/test_full_flow.py", "tests/e2e/test_marketing_ready_flow.py", "tests/integration/test_voice_flow.py"])
        tests_ok = (exit_code == 0)
        report["checks"]["tests"] = {"status": "pass" if tests_ok else "fail", "exit_code": exit_code}
    
        if tests_ok:
            print("\u2705 All System Tests Passed")
        else:
            print("\u274c System Tests Failed")
    
        # 6. Governance & Versioning
        print("[6/6] Checking Governance...")
        # Check for git tags (mock check if no git repo in env)
        try:
            git_tag = subprocess.check_output(["git", "describe", "--tags"], stderr=subprocess.DEVNULL).decode().strip()
        except:
            git_tag = "no-tag"
    
        report["checks"]["governance"] = {
            "git_tag": git_tag,
            "lineage_manifest": os.path.exists("data/lineage/launch_manifest.json")
        }
        print(f"\u2139\ufe0f Git Tag: {git_tag}")
    
        # Final Summary
        # We pass if marketing is valid OR if we are just checking tech readiness.
        # But for LAUNCH readiness, marketing must be valid.
        overall_status = "READY" if (not missing_vars and db_ok and catalog_ok and tests_ok and marketing_ok) else "NOT READY"
        report["status"] = overall_status
    
        os.makedirs(os.path.dirname(REPORT_PATH), exist_ok=True)
        with open(REPORT_PATH, "w") as f:
            json.dump(report, f, indent=2)
    
        print(f"\n--- OVERALL STATUS: {overall_status} ---")
        print(f"Report saved to {REPORT_PATH}")
    
        if overall_status != "READY":
>           pytest.fail("Launch Readiness Check Failed")
E           Failed: Launch Readiness Check Failed

tests\e2e\test_launch_readiness.py:123: Failed
---------------------------- Captured stdout call -----------------------------
\n--- LAUNCH READINESS META-TEST ---\n\n[1/6] Checking Configuration...\n\u2705 Config Check Passed\n[2/6] Checking Database...\n\u2705 Database Reachable\n[3/6] Checking Product Catalog...\n\u2705 Catalog Seeded (2 products found)\n[4/6] Checking Marketing Assets...\n\u2705 Marketing Config Valid\n[5/6] Running System Tests (Unit/Integration/E2E)...\n============================= test session starts =============================\nplatform win32 -- Python 3.10.6, pytest-9.0.2, pluggy-1.6.0\nrootdir: F:\\Realms2Riches\nconfigfile: pyproject.toml\nplugins: anyio-4.12.1, asyncio-1.3.0\nasyncio: mode=strict, debug=False, asyncio_default_fixture_loop_scope=function, asyncio_default_test_loop_scope=function\ncollected 3 items\n\ntests\\e2e\\test_full_flow.py .                                            [ 33%]\ntests\\e2e\\test_marketing_ready_flow.py .                                 [ 66%]\ntests\\integration\\test_voice_flow.py F                                   [100%]\n\n================================== FAILURES ===================================\n___________________________ test_voice_session_flow ___________________________\n\n    def test_voice_session_flow():\n>       with TestClient(app) as client:\n\ntests\\integration\\test_voice_flow.py:8: \n_ _ _ _ _ _ _ _ _ _ _ _ _ _ _ _ _ _ _ _ _ _ _ _ _ _ _ _ _ _ _ _ _ _ _ _ _ _ _ _\nvenv\\lib\\site-packages\\starlette\\testclient.py:688: in __enter__\n    portal.call(self.wait_startup)\nvenv\\lib\\site-packages\\anyio\\from_thread.py:334: in call\n    return cast(T_Retval, self.start_task_soon(func, *args).result())\n_ _ _ _ _ _ _ _ _ _ _ _ _ _ _ _ _ _ _ _ _ _ _ _ _ _ _ _ _ _ _ _ _ _ _ _ _ _ _ _\n\nself = None, timeout = None\n\n    def result(self, timeout=None):\n        """Return the result of the call that the future represents.\n    \n        Args:\n            timeout: The number of seconds to wait for the result if the future\n                isn't done. If None, then there is no limit on the wait time.\n    \n        Returns:\n            The result of the call that the future represents.\n    \n        Raises:\n            CancelledError: If the future was cancelled.\n            TimeoutError: If the future didn't finish executing before the given\n                timeout.\n            Exception: If the call raised then that exception will be raised.\n        """\n        try:\n            with self._condition:\n                if self._state in [CANCELLED, CANCELLED_AND_NOTIFIED]:\n                    raise CancelledError()\n                elif self._state == FINISHED:\n                    return self.__get_result()\n    \n                self._condition.wait(timeout)\n    \n                if self._state in [CANCELLED, CANCELLED_AND_NOTIFIED]:\n>                   raise CancelledError()\nE                   concurrent.futures._base.CancelledError\n\nC:\\Users\\robert.demotto\\AppData\\Local\\Programs\\Python\\Python310\\lib\\concurrent\\futures\\_base.py:456: CancelledError\n------------------------------ Captured log call ------------------------------\nINFO     orchestrator.src.core.api:api.py:43 Starting Realms2Riches Industrial Matrix...\nINFO     orchestrator.src.memory.vector_store:vector_store.py:16 Initialized Sovereign RAG Store at ./data/vector_store | Count: 942\nINFO     orchestrator.src.memory.sql_store:sql_store.py:66 SQLStore operating in TEST_MODE with dedicated SQLite database.\nINFO     orchestrator.src.memory.sql_store:sql_store.py:91 SQLStore connected to sqlite:///./test_orchestrator.db\nCRITICAL orchestrator.src.core.api:api.py:54 CRITICAL: STRIPE_TEST_MODE is True but STRIPE_API_KEY is not a test key.\nERROR    asyncio:base_events.py:1744 unhandled exception during asyncio.run() shutdown\ntask: <Task finished name='anyio.from_thread.start_blocking_portal.<locals>.run_portal' coro=<start_blocking_portal.<locals>.run_portal() done, defined at F:\\Realms2Riches\\venv\\lib\\site-packages\\anyio\\_backends\\_asyncio.py:2318> exception=BaseExceptionGroup('unhandled errors in a TaskGroup', [SystemExit(1)])>\n  + Exception Group Traceback (most recent call last):\n  |   File "F:\\Realms2Riches\\venv\\lib\\site-packages\\anyio\\_backends\\_asyncio.py", line 2325, in wrapper\n  |     return await func(*args)\n  |   File "F:\\Realms2Riches\\venv\\lib\\site-packages\\anyio\\from_thread.py", line 522, in run_portal\n  |     async with BlockingPortal() as portal_:\n  |   File "F:\\Realms2Riches\\venv\\lib\\site-packages\\anyio\\from_thread.py", line 210, in __aexit__\n  |     return await self._task_group.__aexit__(exc_type, exc_val, exc_tb)\n  |   File "F:\\Realms2Riches\\venv\\lib\\site-packages\\anyio\\_backends\\_asyncio.py", line 783, in __aexit__\n  |     raise BaseExceptionGroup(\n  | exceptiongroup.BaseExceptionGroup: unhandled errors in a TaskGroup (1 sub-exception)\n  +-+---------------- 1 ----------------\n    | Traceback (most recent call last):\n    |   File "F:\\Realms2Riches\\orchestrator\\src\\core\\api.py", line 51, in lifespan\n    |     settings.validate_monetization_config()\n    |   File "F:\\Realms2Riches\\orchestrator\\src\\core\\config.py", line 112, in validate_monetization_config\n    |     raise ValueError("CRITICAL: STRIPE_TEST_MODE is True but STRIPE_API_KEY is not a test key.")\n    | ValueError: CRITICAL: STRIPE_TEST_MODE is True but STRIPE_API_KEY is not a test key.\n    | \n    | During handling of the above exception, another exception occurred:\n    | \n    | Traceback (most recent call last):\n    |   File "F:\\Realms2Riches\\venv\\lib\\site-packages\\anyio\\_backends\\_asyncio.py", line 2342, in run\n    |     return runner.run(wrapper())\n    |   File "F:\\Realms2Riches\\venv\\lib\\site-packages\\anyio\\_backends\\_asyncio.py", line 220, in run\n    |     return self._loop.run_until_complete(task)\n    |   File "C:\\Users\\robert.demotto\\AppData\\Local\\Programs\\Python\\Python310\\lib\\asyncio\\base_events.py", line 633, in run_until_complete\n    |     self.run_forever()\n    |   File "C:\\Users\\robert.demotto\\AppData\\Local\\Programs\\Python\\Python310\\lib\\asyncio\\windows_events.py", line 321, in run_forever\n    |     super().run_forever()\n    |   File "C:\\Users\\robert.demotto\\AppData\\Local\\Programs\\Python\\Python310\\lib\\asyncio\\base_events.py", line 600, in run_forever\n    |     self._run_once()\n    |   File "C:\\Users\\robert.demotto\\AppData\\Local\\Programs\\Python\\Python310\\lib\\asyncio\\base_events.py", line 1896, in _run_once\n    |     handle._run()\n    |   File "C:\\Users\\robert.demotto\\AppData\\Local\\Programs\\Python\\Python310\\lib\\asyncio\\events.py", line 80, in _run\n    |     self._context.run(self._callback, *self._args)\n    |   File "F:\\Realms2Riches\\venv\\lib\\site-packages\\anyio\\from_thread.py", line 259, in _call_func\n    |     retval = await retval_or_awaitable\n    |   File "F:\\Realms2Riches\\venv\\lib\\site-packages\\starlette\\testclient.py", line 704, in lifespan\n    |     await self.app(scope, self.stream_receive.receive, self.stream_send.send)\n    |   File "F:\\Realms2Riches\\venv\\lib\\site-packages\\fastapi\\applications.py", line 1134, in __call__\n    |     await super().__call__(scope, receive, send)\n    |   File "F:\\Realms2Riches\\venv\\lib\\site-packages\\starlette\\applications.py", line 107, in __call__\n    |     await self.middleware_stack(scope, receive, send)\n    |   File "F:\\Realms2Riches\\venv\\lib\\site-packages\\starlette\\middleware\\errors.py", line 151, in __call__\n    |     await self.app(scope, receive, send)\n    |   File "F:\\Realms2Riches\\venv\\lib\\site-packages\\starlette\\middleware\\cors.py", line 79, in __call__\n    |     await self.app(scope, receive, send)\n    |   File "F:\\Realms2Riches\\venv\\lib\\site-packages\\starlette\\middleware\\base.py", line 103, in __call__\n    |     await self.app(scope, receive, send)\n    |   File "F:\\Realms2Riches\\venv\\lib\\site-packages\\starlette\\middleware\\exceptions.py", line 49, in __call__\n    |     await self.app(scope, receive, send)\n    |   File "F:\\Realms2Riches\\venv\\lib\\site-packages\\fastapi\\middleware\\asyncexitstack.py", line 18, in __call__\n    |     await self.app(scope, receive, send)\n    |   File "F:\\Realms2Riches\\venv\\lib\\site-packages\\starlette\\routing.py", line 716, in __call__\n    |     await self.middleware_stack(scope, receive, send)\n    |   File "F:\\Realms2Riches\\venv\\lib\\site-packages\\starlette\\routing.py", line 725, in app\n    |     await self.lifespan(scope, receive, send)\n    |   File "F:\\Realms2Riches\\venv\\lib\\site-packages\\starlette\\routing.py", line 694, in lifespan\n    |     async with self.lifespan_context(app) as maybe_state:\n    |   File "C:\\Users\\robert.demotto\\AppData\\Local\\Programs\\Python\\Python310\\lib\\contextlib.py", line 199, in __aenter__\n    |     return await anext(self.gen)\n    |   File "F:\\Realms2Riches\\orchestrator\\src\\core\\api.py", line 56, in lifespan\n    |     sys.exit(1) # Fail fast in production\n    | SystemExit: 1\n    +------------------------------------\n=========================== short test summary info ===========================\nFAILED tests/integration/test_voice_flow.py::test_voice_session_flow - concur...\n========================= 1 failed, 2 passed in 1.01s =========================\n\u274c System Tests Failed\n[6/6] Checking Governance...\n\u2139\ufe0f Git Tag: v5.8.2-INDUSTRIAL-FINAL-37-gf648b96\n\n--- OVERALL STATUS: NOT READY ---\nReport saved to data/lineage/launch_readiness_report.json
---------------------------- Captured stderr call -----------------------------
{"timestamp": "2026-03-30T04:33:21.479770", "level": "INFO", "message": "SQLStore operating in TEST_MODE with dedicated SQLite database.", "module": "sql_store", "line": 66, "process": 100672}
[...]
                elif self._state == FINISHED:
                    return self.__get_result()
    
                self._condition.wait(timeout)
    
                if self._state in [CANCELLED, CANCELLED_AND_NOTIFIED]:
>                   raise CancelledError()
E                   concurrent.futures._base.CancelledError

C:\Users\robert.demotto\AppData\Local\Programs\Python\Python310\lib\concurrent\futures\_base.py:456: CancelledError
---------------------------- Captured stderr call -----------------------------
{"timestamp": "2026-03-30T04:33:26.354664", "level": "INFO", "message": "Starting Realms2Riches Industrial Matrix...", "module": "api", "line": 43, "process": 100672}
{"timestamp": "2026-03-30T04:33:26.374819", "level": "INFO", "message": "Initialized Sovereign RAG Store at ./data/vector_store | Count: 942", "module": "vector_store", "line": 16, "process": 100672}
{"timestamp": "2026-03-30T04:33:26.374819", "level": "INFO", "message": "SQLStore operating in TEST_MODE with dedicated SQLite database.", "module": "sql_store", "line": 66, "process": 100672}
{"timestamp": "2026-03-30T04:33:26.376820", "level": "INFO", "message": "SQLStore connected to sqlite:///./test_orchestrator.db", "module": "sql_store", "line": 91, "process": 100672}
{"timestamp": "2026-03-30T04:33:26.390202", "level": "CRITICAL", "message": "CRITICAL: STRIPE_TEST_MODE is True but STRIPE_API_KEY is not a test key.", "module": "api", "line": 54, "process": 100672}
------------------------------ Captured log call ------------------------------
INFO     orchestrator.src.core.api:api.py:43 Starting Realms2Riches Industrial Matrix...
INFO     orchestrator.src.memory.vector_store:vector_store.py:16 Initialized Sovereign RAG Store at ./data/vector_store | Count: 942
INFO     orchestrator.src.memory.sql_store:sql_store.py:66 SQLStore operating in TEST_MODE with dedicated SQLite database.
INFO     orchestrator.src.memory.sql_store:sql_store.py:91 SQLStore connected to sqlite:///./test_orchestrator.db
CRITICAL orchestrator.src.core.api:api.py:54 CRITICAL: STRIPE_TEST_MODE is True but STRIPE_API_KEY is not a test key.
ERROR    asyncio:base_events.py:1744 unhandled exception during asyncio.run() shutdown
task: <Task finished name='anyio.from_thread.start_blocking_portal.<locals>.run_portal' coro=<start_blocking_portal.<locals>.run_portal() done, defined at F:\Realms2Riches\venv\lib\site-packages\anyio\_backends\_asyncio.py:2318> exception=BaseExceptionGroup('unhandled errors in a TaskGroup', [SystemExit(1)])>
  + Exception Group Traceback (most recent call last):
  |   File "F:\Realms2Riches\venv\lib\site-packages\anyio\_backends\_asyncio.py", line 2325, in wrapper
  |     return await func(*args)
  |   File "F:\Realms2Riches\venv\lib\site-packages\anyio\from_thread.py", line 522, in run_portal
  |     async with BlockingPortal() as portal_:
  |   File "F:\Realms2Riches\venv\lib\site-packages\anyio\from_thread.py", line 210, in __aexit__
  |     return await self._task_group.__aexit__(exc_type, exc_val, exc_tb)
  |   File "F:\Realms2Riches\venv\lib\site-packages\anyio\_backends\_asyncio.py", line 783, in __aexit__
  |     raise BaseExceptionGroup(
  | exceptiongroup.BaseExceptionGroup: unhandled errors in a TaskGroup (1 sub-exception)
  +-+---------------- 1 ----------------
    | Traceback (most recent call last):
    |   File "F:\Realms2Riches\orchestrator\src\core\api.py", line 51, in lifespan
    |     settings.validate_monetization_config()
    |   File "F:\Realms2Riches\orchestrator\src\core\config.py", line 112, in validate_monetization_config
    |     raise ValueError("CRITICAL: STRIPE_TEST_MODE is True but STRIPE_API_KEY is not a test key.")
    | ValueError: CRITICAL: STRIPE_TEST_MODE is True but STRIPE_API_KEY is not a test key.
    | 
    | During handling of the above exception, another exception occurred:
    | 
    | Traceback (most recent call last):
    |   File "F:\Realms2Riches\venv\lib\site-packages\anyio\_backends\_asyncio.py", line 2342, in run
    |     return runner.run(wrapper())
    |   File "F:\Realms2Riches\venv\lib\site-packages\anyio\_backends\_asyncio.py", line 220, in run
    |     return self._loop.run_until_complete(task)
    |   File "C:\Users\robert.demotto\AppData\Local\Programs\Python\Python310\lib\asyncio\base_events.py", line 633, in run_until_complete
    |     self.run_forever()
    |   File "C:\Users\robert.demotto\AppData\Local\Programs\Python\Python310\lib\asyncio\windows_events.py", line 321, in run_forever
    |     super().run_forever()
    |   File "C:\Users\robert.demotto\AppData\Local\Programs\Python\Python310\lib\asyncio\base_events.py", line 600, in run_forever
    |     self._run_once()
    |   File "C:\Users\robert.demotto\AppData\Local\Programs\Python\Python310\lib\asyncio\base_events.py", line 1896, in _run_once
    |     handle._run()
    |   File "C:\Users\robert.demotto\AppData\Local\Programs\Python\Python310\lib\asyncio\events.py", line 80, in _run
    |     self._context.run(self._callback, *self._args)
    |   File "F:\Realms2Riches\venv\lib\site-packages\anyio\from_thread.py", line 259, in _call_func
    |     retval = await retval_or_awaitable
    |   File "F:\Realms2Riches\venv\lib\site-packages\starlette\testclient.py", line 704, in lifespan
    |     await self.app(scope, self.stream_receive.receive, self.stream_send.send)
    |   File "F:\Realms2Riches\venv\lib\site-packages\fastapi\applications.py", line 1134, in __call__
    |     await super().__call__(scope, receive, send)
    |   File "F:\Realms2Riches\venv\lib\site-packages\starlette\applications.py", line 107, in __call__
    |     await self.middleware_stack(scope, receive, send)
    |   File "F:\Realms2Riches\venv\lib\site-packages\starlette\middleware\errors.py", line 151, in __call__
    |     await self.app(scope, receive, send)
    |   File "F:\Realms2Riches\venv\lib\site-packages\starlette\middleware\cors.py", line 79, in __call__
    |     await self.app(scope, receive, send)
    |   File "F:\Realms2Riches\venv\lib\site-packages\starlette\middleware\base.py", line 103, in __call__
    |     await self.app(scope, receive, send)
    |   File "F:\Realms2Riches\venv\lib\site-packages\starlette\middleware\exceptions.py", line 49, in __call__
    |     await self.app(scope, receive, send)
    |   File "F:\Realms2Riches\venv\lib\site-packages\fastapi\middleware\asyncexitstack.py", line 18, in __call__
    |     await self.app(scope, receive, send)
    |   File "F:\Realms2Riches\venv\lib\site-packages\starlette\routing.py", line 716, in __call__
    |     await self.middleware_stack(scope, receive, send)
    |   File "F:\Realms2Riches\venv\lib\site-packages\starlette\routing.py", line 725, in app
    |     await self.lifespan(scope, receive, send)
    |   File "F:\Realms2Riches\venv\lib\site-packages\starlette\routing.py", line 694, in lifespan
    |     async with self.lifespan_context(app) as maybe_state:
    |   File "C:\Users\robert.demotto\AppData\Local\Programs\Python\Python310\lib\contextlib.py", line 199, in __aenter__
    |     return await anext(self.gen)
    |   File "F:\Realms2Riches\orchestrator\src\core\api.py", line 56, in lifespan
    |     sys.exit(1) # Fail fast in production
    | SystemExit: 1
    +------------------------------------
_________________________ test_agent_task_processing __________________________

agent_setup = (<orchestrator.src.core.agent.Agent object at 0x00000200DE5508B0>, './data/test_agent_memory')

    def test_agent_task_processing(agent_setup):
        agent, _ = agent_setup
        task = TaskSpec(
            project_id="test_proj",
            description="echo hello"
        )
    
        # Mock formulate_plan to ensure tool execution
        agent._formulate_plan = lambda p, c, s: {
            "reasoning": "Need to echo",
            "steps": [{"tool_id": "mock_tool", "inputs": {"message": "hello"}}]
        }
    
        result = agent.process_task(task)
        assert result["status"] == "completed"
        assert result["results"][0]["output_data"]["echo"] == "hello"
>       assert agent.dossier.total_work_ms > 0
E       assert 0 > 0
E        +  where 0 = <orchestrator.src.core.workforce.AgentDossier object at 0x00000200E2272CB0>.total_work_ms
E        +    where <orchestrator.src.core.workforce.AgentDossier object at 0x00000200E2272CB0> = <orchestrator.src.core.agent.Agent object at 0x00000200DE5508B0>.dossier

tests\matrix\test_agent.py:81: AssertionError
---------------------------- Captured stderr setup ----------------------------
{"timestamp": "2026-03-30T04:33:26.535851", "level": "INFO", "message": "Initialized Sovereign RAG Store at ./data/test_agent_memory | Count: 0", "module": "vector_store", "line": 16, "process": 100672}
{"timestamp": "2026-03-30T04:33:26.547049", "level": "INFO", "message": "Omega-Force-890 adopted BOLT_ENGINEER", "module": "agent", "line": 52, "process": 100672}
----------------------------- Captured log setup ------------------------------
INFO     orchestrator.src.memory.vector_store:vector_store.py:16 Initialized Sovereign RAG Store at ./data/test_agent_memory | Count: 0
INFO     orchestrator.src.core.agent:agent.py:52 Omega-Force-890 adopted BOLT_ENGINEER
---------------------------- Captured stderr call -----------------------------
F:\Realms2Riches\venv\lib\site-packages\_pytest\unraisableexception.py:33: RuntimeWarning: coroutine 'VoiceSession._processing_loop' was never awaited
  gc.collect()
RuntimeWarning: Enable tracemalloc to get the object allocation traceback
{"timestamp": "2026-03-30T04:33:26.548061", "level": "INFO", "message": "Agent Omega-Force-890 executing tool: mock_tool", "module": "agent", "line": 97, "process": 100672}
{"timestamp": "2026-03-30T04:33:26.548061", "level": "INFO", "message": "Running tool mock_tool for agent test_agent_123", "module": "base", "line": 22, "process": 100672}
{"timestamp": "2026-03-30T04:33:26.562528", "level": "INFO", "message": "Lineage: Artifact 2e39f973 signed by test_agent_123.", "module": "lineage", "line": 44, "process": 100672}
------------------------------ Captured log call ------------------------------
INFO     orchestrator.src.core.agent:agent.py:97 Agent Omega-Force-890 executing tool: mock_tool
INFO     orchestrator.src.tools.base:base.py:22 Running tool mock_tool for agent test_agent_123
INFO     orchestrator.src.core.lineage:lineage.py:44 Lineage: Artifact 2e39f973 signed by test_agent_123.
_______________________ test_catalog_load_and_metadata ________________________

    def test_catalog_load_and_metadata():
        engine = MonetizationEngine()
        products = engine._products
    
        assert len(products) == 18, f"Expected 18 products, found {len(products)}"
    
        for p in products:
>           assert "funnel_stage" in p, f"Product {p['id']} missing funnel_stage"
E           AssertionError: Product business_consultation missing funnel_stage
E           assert 'funnel_stage' in {'checkout_url': 'https://buy.stripe.com/eVqbJ13fj5bH48q9xx8so0b', 'description': 'Strategic guidance to streamline business operations and growth.', 'id': 'business_consultation', 'image_url': '/assets/branding/forge_logo.png', ...}

tests\test_offer_ladder.py:16: AssertionError
______________________________ test_entry_offers ______________________________

    def test_entry_offers():
        engine = MonetizationEngine()
        entries = engine.get_entry_offers()
    
>       assert len(entries) > 0
E       assert 0 > 0
E        +  where 0 = len([])

tests\test_offer_ladder.py:24: AssertionError
____________________________ test_recommendations _____________________________

    def test_recommendations():
        engine = MonetizationEngine()
        recs = engine.get_recommendations("website_basic")
    
        assert "upsells" in recs
        assert "cross_sells" in recs
    
        upsell_ids = [p["id"] for p in recs["upsells"]]
>       assert "website_advanced" in upsell_ids
E       AssertionError: assert 'website_advanced' in []

tests\test_offer_ladder.py:37: AssertionError
________________________________ test_by_stage ________________________________

    def test_by_stage():
        engine = MonetizationEngine()
        growth_products = engine.get_products_by_stage("growth")
    
>       assert len(growth_products) > 0
E       assert 0 > 0
E        +  where 0 = len([])

tests\test_offer_ladder.py:46: AssertionError
__________________ test_build_catalog_generates_18_products ___________________

clean_catalog_dir = None

    def test_build_catalog_generates_18_products(clean_catalog_dir):
        """
        Test that build_catalog.py correctly generates products.json with 18 products.
        """
        # Run the script
        build_catalog.products # Accessing it will run the module-level code
    
        # Verify the output file exists
        catalog_file = "data/catalog/products.json"
>       assert os.path.exists(catalog_file)
E       AssertionError: assert False
E        +  where False = <function exists at 0x00000200DB38AC20>('data/catalog/products.json')
E        +    where <function exists at 0x00000200DB38AC20> = <module 'ntpath' from 'C:\\Users\\robert.demotto\\AppData\\Local\\Programs\\Python\\Python310\\lib\\ntpath.py'>.exists
E        +      where <module 'ntpath' from 'C:\\Users\\robert.demotto\\AppData\\Local\\Programs\\Python\\Python310\\lib\\ntpath.py'> = os.path

tests\unit\test_build_catalog.py:31: AssertionError
______________________ test_build_catalog_is_idempotent _______________________

clean_catalog_dir = None

    def test_build_catalog_is_idempotent(clean_catalog_dir):
        """
        Test that running build_catalog multiple times does not change the result.
        """
        # First run
        build_catalog.products
    
>       with open("data/catalog/products.json", "r") as f:
E       FileNotFoundError: [Errno 2] No such file or directory: 'data/catalog/products.json'

tests\unit\test_build_catalog.py:53: FileNotFoundError
___________________ test_create_products_handles_api_errors ___________________

mock_exists = <MagicMock name='exists' id='2202863726368'>
mock_stripe_client = <tests.mocks.mock_stripe.MockStripe object at 0x00000200E378CEB0>
mock_catalog_file = WindowsPath('F:/Temp/pytest-of-robert.demotto/pytest-8/test_create_products_handles_a0/products.json')

    @patch('scripts.create_new_stripe_products.os.path.exists', return_value=True)
    def test_create_products_handles_api_errors(mock_exists, mock_stripe_client, mock_catalog_file):
        """Test that the script gracefully handles Stripe API errors."""
        def mock_product_create(**kwargs):
            if kwargs['name'] == "Product A":
                raise StripeError("API Error for Product A")
            return MockStripeProduct(id="prod_b_id", name=kwargs['name'], description=kwargs['description'], metadata={})
    
        with patch('scripts.create_new_stripe_products.open', MagicMock(
            side_effect=lambda f, mode='r', **kwargs: open(mock_catalog_file, mode, **kwargs) if 'products.json' in str(f) else MagicMock()
        )), patch('stripe.Product.create', side_effect=mock_product_create):
            stripe_script.create_products()
    
>       assert len(mock_stripe_client.products) == 1 # Only Product B should be created
E       assert 0 == 1
E        +  where 0 = len([])
E        +    where [] = <tests.mocks.mock_stripe.MockStripe object at 0x00000200E378CEB0>.products

tests\unit\test_stripe_products.py:96: AssertionError
------------------------------ Captured log call ------------------------------
ERROR    STRIPE_SYNC:create_new_stripe_products.py:105 Stripe API error for 'Product A': API Error for Product A
ERROR    STRIPE_SYNC:create_new_stripe_products.py:109 Unexpected error for 'Product B': 'name'
=========================== short test summary info ===========================
FAILED tests/comprehensive/test_full_system.py::TestSovereignSystem::test_01_api_health
FAILED tests/comprehensive/test_full_system.py::TestSovereignSystem::test_02_product_catalog
FAILED tests/comprehensive/test_full_system.py::TestSovereignSystem::test_03_lead_capture_and_asset_delivery
FAILED tests/comprehensive/test_full_system.py::TestSovereignSystem::test_04_social_dispatch_and_audit
FAILED tests/comprehensive/test_full_system.py::TestSovereignSystem::test_05_opt_out_compliance
FAILED tests/comprehensive/test_system_integrity.py::SovereignIntegrityAudit::test_01_health_and_rag_count
FAILED tests/comprehensive/test_system_integrity.py::SovereignIntegrityAudit::test_02_product_serialization
FAILED tests/comprehensive/test_system_integrity.py::SovereignIntegrityAudit::test_03_lead_capture_flow
FAILED tests/comprehensive/test_system_integrity.py::SovereignIntegrityAudit::test_04_live_dispatch_and_meta_audit
FAILED tests/e2e/test_forge_launch_readiness.py::test_forge_launch_readiness
FAILED tests/e2e/test_launch_readiness.py::test_launch_readiness - Failed: La...
FAILED tests/integration/test_catalog_build.py::test_build_catalog_generates_18_products
FAILED tests/integration/test_catalog_build.py::test_build_catalog_is_idempotent
FAILED tests/integration/test_outreach_integration.py::test_outreach_dry_run_mode
FAILED tests/integration/test_outreach_integration.py::test_outreach_disabled_mode
FAILED tests/integration/test_outreach_integration.py::test_malformed_email_rejected
FAILED tests/integration/test_outreach_integration.py::test_html_body_compliance_unsubscribe
FAILED tests/integration/test_outreach_integration.py::test_html_body_compliance_unsubscribe_already_present
FAILED tests/integration/test_social_cta_integrity.py::TestSocialCTAIntegrity::test_validator_accepts_ngrok_deep_link
FAILED tests/integration/test_sovereign_live.py::TestSovereignTracks::test_track_1_asset_delivery
FAILED tests/integration/test_stripe_sync_integration.py::test_stripe_sync_handles_api_errors
FAILED tests/integration/test_voice_flow.py::test_voice_session_flow - concur...
FAILED tests/matrix/test_agent.py::test_agent_task_processing - assert 0 > 0
FAILED tests/test_offer_ladder.py::test_catalog_load_and_metadata - Assertion...
FAILED tests/test_offer_ladder.py::test_entry_offers - assert 0 > 0
FAILED tests/test_offer_ladder.py::test_recommendations - AssertionError: ass...
FAILED tests/test_offer_ladder.py::test_by_stage - assert 0 > 0
FAILED tests/unit/test_build_catalog.py::test_build_catalog_generates_18_products
FAILED tests/unit/test_build_catalog.py::test_build_catalog_is_idempotent - F...
FAILED tests/unit/test_stripe_products.py::test_create_products_handles_api_errors
ERROR tests/integration/test_api_endpoints.py::test_get_products_all - concur...
ERROR tests/integration/test_api_endpoints.py::test_get_products_by_stage - c...
ERROR tests/integration/test_api_endpoints.py::test_get_products_entry_only
ERROR tests/integration/test_api_endpoints.py::test_get_products_recommendations
ERROR tests/integration/test_api_endpoints.py::test_record_analytics_event_disabled
ERROR tests/integration/test_api_endpoints.py::test_record_analytics_event_enabled
ERROR tests/integration/test_api_endpoints.py::test_stripe_webhook_analytics_event
ERROR tests/unit/test_monetization_engine.py::test_monetization_engine_loads_catalog
ERROR tests/unit/test_monetization_engine.py::test_monetization_engine_get_products_by_stage
ERROR tests/unit/test_monetization_engine.py::test_monetization_engine_get_entry_offers
ERROR tests/unit/test_monetization_engine.py::test_monetization_engine_get_recommendations
ERROR tests/unit/test_monetization_engine.py::test_monetization_engine_streams_init
ERROR tests/unit/test_voice_monetization.py::test_voice_session_price_inquiry
ERROR tests/unit/test_voice_monetization.py::test_voice_session_cheapest_option
ERROR tests/unit/test_voice_monetization.py::test_voice_session_send_link_request
ERROR tests/unit/test_voice_monetization.py::test_voice_session_general_query
================== 30 failed, 57 passed, 16 errors in 38.94s ==================
